# JRE version: Java(TM) SE Runtime Environment (21.0.9+7) (build 21.0.9+7-LTS-338)
# Java VM: Java HotSpot(TM) 64-Bit Server VM (21.0.9+7-LTS-338, mixed mode, sharing, tiered, compressed oops, compressed class ptrs, g1 gc, windows-amd64)
GC Precious Log:
 CardTable entry size: 512
 Card Set container configuration: InlinePtr #cards 5 size 8 Array Of Cards #cards 12 size 40 Howl #buckets 4 coarsen threshold 1843 Howl Bitmap #cards 512 size 80 coarsen threshold 460 Card regions per heap region 1 cards per card region 2048
 CPUs: 8 total, 8 available
 Memory: 16221M
 Large Page Support: Disabled
 NUMA Support: Disabled
 Compressed Oops: Enabled (32-bit)
 Heap Region Size: 1M
 Heap Min Capacity: 8M
 Heap Initial Capacity: 254M
 Heap Max Capacity: 1536M
 Pre-touch: Disabled
 Parallel Workers: 8
 Concurrent Workers: 2
 Concurrent Refinement Workers: 8
 Periodic GC: Disabled
Heap:
 garbage-first heap   total 115712K, used 87465K [0x00000000a0000000, 0x0000000100000000)
  region size 1024K, 15 young (15360K), 4 survivors (4096K)
 Metaspace       used 62578K, committed 64640K, reserved 1114112K
  class space    used 8628K, committed 9664K, reserved 1048576K
GC Heap History (20 events):
Event: 23.397 GC heap before
{Heap before GC invocations=14 (full 0):
 garbage-first heap   total 86016K, used 77805K [0x00000000a0000000, 0x0000000100000000)
  region size 1024K, 33 young (33792K), 2 survivors (2048K)
 Metaspace       used 49284K, committed 51008K, reserved 1114112K
  class space    used 6906K, committed 7744K, reserved 1048576K
}
Event: 23.401 GC heap after
{Heap after GC invocations=15 (full 0):
 garbage-first heap   total 86016K, used 45683K [0x00000000a0000000, 0x0000000100000000)
  region size 1024K, 4 young (4096K), 4 survivors (4096K)
 Metaspace       used 49284K, committed 51008K, reserved 1114112K
  class space    used 6906K, committed 7744K, reserved 1048576K
}
Event: 24.559 GC heap before
{Heap before GC invocations=15 (full 0):
 garbage-first heap   total 86016K, used 75379K [0x00000000a0000000, 0x0000000100000000)
  region size 1024K, 33 young (33792K), 4 survivors (4096K)
 Metaspace       used 52020K, committed 53760K, reserved 1114112K
  class space    used 7275K, committed 8128K, reserved 1048576K
}
Event: 24.573 GC heap after
{Heap after GC invocations=16 (full 0):
 garbage-first heap   total 86016K, used 47589K [0x00000000a0000000, 0x0000000100000000)
  region size 1024K, 5 young (5120K), 5 survivors (5120K)
 Metaspace       used 52020K, committed 53760K, reserved 1114112K
  class space    used 7275K, committed 8128K, reserved 1048576K
}
Event: 25.802 GC heap before
{Heap before GC invocations=16 (full 0):
 garbage-first heap   total 86016K, used 74213K [0x00000000a0000000, 0x0000000100000000)
  region size 1024K, 32 young (32768K), 5 survivors (5120K)
 Metaspace       used 53098K, committed 54976K, reserved 1114112K
  class space    used 7429K, committed 8384K, reserved 1048576K
}
Event: 25.816 GC heap after
{Heap after GC invocations=17 (full 0):
 garbage-first heap   total 86016K, used 51748K [0x00000000a0000000, 0x0000000100000000)
  region size 1024K, 4 young (4096K), 4 survivors (4096K)
 Metaspace       used 53098K, committed 54976K, reserved 1114112K
  class space    used 7429K, committed 8384K, reserved 1048576K
}
Event: 26.626 GC heap before
{Heap before GC invocations=18 (full 0):
 garbage-first heap   total 91136K, used 75300K [0x00000000a0000000, 0x0000000100000000)
  region size 1024K, 28 young (28672K), 4 survivors (4096K)
 Metaspace       used 53413K, committed 55232K, reserved 1114112K
  class space    used 7455K, committed 8384K, reserved 1048576K
}
Event: 26.633 GC heap after
{Heap after GC invocations=19 (full 0):
 garbage-first heap   total 91136K, used 53259K [0x00000000a0000000, 0x0000000100000000)
  region size 1024K, 4 young (4096K), 4 survivors (4096K)
 Metaspace       used 53413K, committed 55232K, reserved 1114112K
  class space    used 7455K, committed 8384K, reserved 1048576K
}
Event: 27.060 GC heap before
{Heap before GC invocations=19 (full 0):
 garbage-first heap   total 91136K, used 79883K [0x00000000a0000000, 0x0000000100000000)
  region size 1024K, 31 young (31744K), 4 survivors (4096K)
 Metaspace       used 53555K, committed 55424K, reserved 1114112K
  class space    used 7455K, committed 8384K, reserved 1048576K
}
Event: 27.068 GC heap after
{Heap after GC invocations=20 (full 0):
 garbage-first heap   total 109568K, used 53168K [0x00000000a0000000, 0x0000000100000000)
  region size 1024K, 4 young (4096K), 4 survivors (4096K)
 Metaspace       used 53555K, committed 55424K, reserved 1114112K
  class space    used 7455K, committed 8384K, reserved 1048576K
}
Event: 27.688 GC heap before
{Heap before GC invocations=20 (full 0):
 garbage-first heap   total 109568K, used 94128K [0x00000000a0000000, 0x0000000100000000)
  region size 1024K, 45 young (46080K), 4 survivors (4096K)
 Metaspace       used 53693K, committed 55488K, reserved 1114112K
  class space    used 7456K, committed 8384K, reserved 1048576K
}
Event: 27.693 GC heap after
{Heap after GC invocations=21 (full 0):
 garbage-first heap   total 109568K, used 54484K [0x00000000a0000000, 0x0000000100000000)
  region size 1024K, 5 young (5120K), 5 survivors (5120K)
 Metaspace       used 53693K, committed 55488K, reserved 1114112K
  class space    used 7456K, committed 8384K, reserved 1048576K
}
Event: 28.298 GC heap before
{Heap before GC invocations=21 (full 0):
 garbage-first heap   total 109568K, used 79060K [0x00000000a0000000, 0x0000000100000000)
  region size 1024K, 31 young (31744K), 5 survivors (5120K)
 Metaspace       used 53805K, committed 55680K, reserved 1114112K
  class space    used 7474K, committed 8384K, reserved 1048576K
}
Event: 28.305 GC heap after
{Heap after GC invocations=22 (full 0):
 garbage-first heap   total 109568K, used 55593K [0x00000000a0000000, 0x0000000100000000)
  region size 1024K, 4 young (4096K), 4 survivors (4096K)
 Metaspace       used 53805K, committed 55680K, reserved 1114112K
  class space    used 7474K, committed 8384K, reserved 1048576K
}
Event: 29.638 GC heap before
{Heap before GC invocations=23 (full 0):
 garbage-first heap   total 109568K, used 102697K [0x00000000a0000000, 0x0000000100000000)
  region size 1024K, 44 young (45056K), 4 survivors (4096K)
 Metaspace       used 56230K, committed 58112K, reserved 1114112K
  class space    used 7785K, committed 8704K, reserved 1048576K
}
Event: 29.648 GC heap after
{Heap after GC invocations=24 (full 0):
 garbage-first heap   total 115712K, used 69458K [0x00000000a0000000, 0x0000000100000000)
  region size 1024K, 6 young (6144K), 6 survivors (6144K)
 Metaspace       used 56230K, committed 58112K, reserved 1114112K
  class space    used 7785K, committed 8704K, reserved 1048576K
}
Event: 30.982 GC heap before
{Heap before GC invocations=24 (full 0):
 garbage-first heap   total 115712K, used 101202K [0x00000000a0000000, 0x0000000100000000)
  region size 1024K, 38 young (38912K), 6 survivors (6144K)
 Metaspace       used 59739K, committed 61696K, reserved 1114112K
  class space    used 8187K, committed 9152K, reserved 1048576K
}
Event: 30.989 GC heap after
{Heap after GC invocations=25 (full 0):
 garbage-first heap   total 115712K, used 70807K [0x00000000a0000000, 0x0000000100000000)
  region size 1024K, 2 young (2048K), 2 survivors (2048K)
 Metaspace       used 59739K, committed 61696K, reserved 1114112K
  class space    used 8187K, committed 9152K, reserved 1048576K
}
Event: 31.685 GC heap before
{Heap before GC invocations=25 (full 0):
 garbage-first heap   total 115712K, used 101527K [0x00000000a0000000, 0x0000000100000000)
  region size 1024K, 34 young (34816K), 2 survivors (2048K)
 Metaspace       used 62563K, committed 64576K, reserved 1114112K
  class space    used 8628K, committed 9664K, reserved 1048576K
}
Event: 31.690 GC heap after
{Heap after GC invocations=26 (full 0):
 garbage-first heap   total 115712K, used 73129K [0x00000000a0000000, 0x0000000100000000)
  region size 1024K, 4 young (4096K), 4 survivors (4096K)
 Metaspace       used 62563K, committed 64576K, reserved 1114112K
  class space    used 8628K, committed 9664K, reserved 1048576K
}

